---------------------------------------------------------------
[ 2020-03-02T14:17:04+08:00 ] 127.0.0.1 GET www.fast.com/index/ajax/lang?callback=define&controllername=user&v=1583129824
[运行时间：0.070762s] [吞吐率：14.13req/s] [内存消耗：4,505.92kb] [文件加载：132]
[ info ] [ BEHAVIOR ] Run Closure @app_init [ RunTime:0.000034s ]
[ info ] [ CACHE ] INIT File
[ info ] [ BEHAVIOR ] Run Closure @app_init [ RunTime:0.001925s ]
[ info ] [ LANG ] D:\systemsoft\phpstudy\phpstudy_pro\WWW\www.fast.com\thinkphp\lang\zh-cn.php
[ info ] [ ROUTE ] array (
  'type' => 'module',
  'module' => 
  array (
    0 => 'index',
    1 => 'ajax',
    2 => 'lang',
  ),
)
[ info ] [ HEADER ] array (
  'cookie' => 'PHPSESSID=hnk9ubplfe2u5h7pssshpdd6s5; Hm_lvt_f8d0a8c400404989e195270b0bbf060a=1582732778; Hm_lpvt_f8d0a8c400404989e195270b0bbf060a=1582946170; uid=2; token=2010fd03-3dfc-4e49-9660-2967e06db5d1',
  'accept-language' => 'zh-CN,zh;q=0.9',
  'accept-encoding' => 'gzip, deflate',
  'referer' => 'http://www.fast.com/index/user/cases.html',
  'accept' => '*/*',
  'user-agent' => 'Mozilla/5.0 (Windows NT 10.0; Win64; x64) AppleWebKit/537.36 (KHTML, like Gecko) Chrome/77.0.3865.120 Safari/537.36',
  'connection' => 'close',
  'host' => 'www.fast.com',
)
[ info ] [ PARAM ] array (
  'callback' => 'define',
  'controllername' => 'user',
  'v' => '1583129824',
)
[ info ] [ LANG ] D:\systemsoft\phpstudy\phpstudy_pro\WWW\www.fast.com\public/../application/index\lang\zh-cn.php
[ info ] [ BEHAVIOR ] Run app\common\behavior\Common @module_init [ RunTime:0.001612s ]
[ info ] [ TOKEN ] INIT Mysql
[ info ] [ DB ] INIT mysql
[ info ] [ LANG ] D:\systemsoft\phpstudy\phpstudy_pro\WWW\www.fast.com\public/../application/index/lang/zh-cn/ajax.php
[ info ] [ RUN ] app\index\controller\Ajax->lang[ D:\systemsoft\phpstudy\phpstudy_pro\WWW\www.fast.com\application\index\controller\Ajax.php ]
[ info ] [ LANG ] D:\systemsoft\phpstudy\phpstudy_pro\WWW\www.fast.com\public/../application/index/lang/zh-cn/user.php
[ info ] [ LOG ] INIT File
---------------------------------------------------------------
[ 2020-03-02T14:17:53+08:00 ] 127.0.0.1 GET www.fast.com/index/user/cases.html
[运行时间：0.079427s] [吞吐率：12.59req/s] [内存消耗：4,571.73kb] [文件加载：131]
[ info ] [ BEHAVIOR ] Run Closure @app_init [ RunTime:0.000031s ]
[ info ] [ CACHE ] INIT File
[ info ] [ BEHAVIOR ] Run Closure @app_init [ RunTime:0.002167s ]
[ info ] [ LANG ] D:\systemsoft\phpstudy\phpstudy_pro\WWW\www.fast.com\thinkphp\lang\zh-cn.php
[ info ] [ ROUTE ] array (
  'type' => 'module',
  'module' => 
  array (
    0 => 'index',
    1 => 'user',
    2 => 'cases',
  ),
)
[ info ] [ HEADER ] array (
  'cookie' => 'PHPSESSID=hnk9ubplfe2u5h7pssshpdd6s5; Hm_lvt_f8d0a8c400404989e195270b0bbf060a=1582732778; Hm_lpvt_f8d0a8c400404989e195270b0bbf060a=1582946170; uid=2; token=2010fd03-3dfc-4e49-9660-2967e06db5d1',
  'accept-language' => 'zh-CN,zh;q=0.9',
  'accept-encoding' => 'gzip, deflate',
  'referer' => 'http://www.fast.com/index/user/index.html',
  'accept' => 'text/html,application/xhtml+xml,application/xml;q=0.9,image/webp,image/apng,*/*;q=0.8,application/signed-exchange;v=b3',
  'user-agent' => 'Mozilla/5.0 (Windows NT 10.0; Win64; x64) AppleWebKit/537.36 (KHTML, like Gecko) Chrome/77.0.3865.120 Safari/537.36',
  'upgrade-insecure-requests' => '1',
  'cache-control' => 'max-age=0',
  'connection' => 'close',
  'host' => 'www.fast.com',
)
[ info ] [ PARAM ] array (
)
[ info ] [ LANG ] D:\systemsoft\phpstudy\phpstudy_pro\WWW\www.fast.com\public/../application/index\lang\zh-cn.php
[ info ] [ BEHAVIOR ] Run app\common\behavior\Common @module_init [ RunTime:0.001537s ]
[ info ] [ TOKEN ] INIT Mysql
[ info ] [ DB ] INIT mysql
[ info ] [ LANG ] D:\systemsoft\phpstudy\phpstudy_pro\WWW\www.fast.com\public/../application/index/lang/zh-cn/user.php
[ info ] [ RUN ] app\index\controller\User->cases[ D:\systemsoft\phpstudy\phpstudy_pro\WWW\www.fast.com\application\index\controller\User.php ]
[ info ] [ VIEW ] D:\systemsoft\phpstudy\phpstudy_pro\WWW\www.fast.com\public/../application/index\view\user\cases.html [ array (
  0 => 'user',
  1 => 'site',
  2 => 'config',
  3 => 'data',
) ]
[ info ] [ LOG ] INIT File
---------------------------------------------------------------
[ 2020-03-02T14:17:53+08:00 ] 127.0.0.1 GET www.fast.com/index/ajax/lang?callback=define&controllername=user&v=1583129873
[运行时间：0.070044s] [吞吐率：14.28req/s] [内存消耗：4,506.00kb] [文件加载：132]
[ info ] [ BEHAVIOR ] Run Closure @app_init [ RunTime:0.000030s ]
[ info ] [ CACHE ] INIT File
[ info ] [ BEHAVIOR ] Run Closure @app_init [ RunTime:0.002179s ]
[ info ] [ LANG ] D:\systemsoft\phpstudy\phpstudy_pro\WWW\www.fast.com\thinkphp\lang\zh-cn.php
[ info ] [ ROUTE ] array (
  'type' => 'module',
  'module' => 
  array (
    0 => 'index',
    1 => 'ajax',
    2 => 'lang',
  ),
)
[ info ] [ HEADER ] array (
  'cookie' => 'PHPSESSID=hnk9ubplfe2u5h7pssshpdd6s5; Hm_lvt_f8d0a8c400404989e195270b0bbf060a=1582732778; Hm_lpvt_f8d0a8c400404989e195270b0bbf060a=1582946170; uid=2; token=2010fd03-3dfc-4e49-9660-2967e06db5d1',
  'accept-language' => 'zh-CN,zh;q=0.9',
  'accept-encoding' => 'gzip, deflate',
  'referer' => 'http://www.fast.com/index/user/cases.html',
  'accept' => '*/*',
  'user-agent' => 'Mozilla/5.0 (Windows NT 10.0; Win64; x64) AppleWebKit/537.36 (KHTML, like Gecko) Chrome/77.0.3865.120 Safari/537.36',
  'connection' => 'close',
  'host' => 'www.fast.com',
)
[ info ] [ PARAM ] array (
  'callback' => 'define',
  'controllername' => 'user',
  'v' => '1583129873',
)
[ info ] [ LANG ] D:\systemsoft\phpstudy\phpstudy_pro\WWW\www.fast.com\public/../application/index\lang\zh-cn.php
[ info ] [ BEHAVIOR ] Run app\common\behavior\Common @module_init [ RunTime:0.001664s ]
[ info ] [ TOKEN ] INIT Mysql
[ info ] [ DB ] INIT mysql
[ info ] [ LANG ] D:\systemsoft\phpstudy\phpstudy_pro\WWW\www.fast.com\public/../application/index/lang/zh-cn/ajax.php
[ info ] [ RUN ] app\index\controller\Ajax->lang[ D:\systemsoft\phpstudy\phpstudy_pro\WWW\www.fast.com\application\index\controller\Ajax.php ]
[ info ] [ LANG ] D:\systemsoft\phpstudy\phpstudy_pro\WWW\www.fast.com\public/../application/index/lang/zh-cn/user.php
[ info ] [ LOG ] INIT File
---------------------------------------------------------------
[ 2020-03-02T14:18:03+08:00 ] 127.0.0.1 GET www.fast.com/index/user/cases.html
[运行时间：0.082610s] [吞吐率：12.11req/s] [内存消耗：4,571.69kb] [文件加载：131]
[ info ] [ BEHAVIOR ] Run Closure @app_init [ RunTime:0.000033s ]
[ info ] [ CACHE ] INIT File
[ info ] [ BEHAVIOR ] Run Closure @app_init [ RunTime:0.002252s ]
[ info ] [ LANG ] D:\systemsoft\phpstudy\phpstudy_pro\WWW\www.fast.com\thinkphp\lang\zh-cn.php
[ info ] [ ROUTE ] array (
  'type' => 'module',
  'module' => 
  array (
    0 => 'index',
    1 => 'user',
    2 => 'cases',
  ),
)
[ info ] [ HEADER ] array (
  'cookie' => 'PHPSESSID=hnk9ubplfe2u5h7pssshpdd6s5; Hm_lvt_f8d0a8c400404989e195270b0bbf060a=1582732778; Hm_lpvt_f8d0a8c400404989e195270b0bbf060a=1582946170; uid=2; token=2010fd03-3dfc-4e49-9660-2967e06db5d1',
  'accept-language' => 'zh-CN,zh;q=0.9',
  'accept-encoding' => 'gzip, deflate',
  'referer' => 'http://www.fast.com/index/user/index.html',
  'accept' => 'text/html,application/xhtml+xml,application/xml;q=0.9,image/webp,image/apng,*/*;q=0.8,application/signed-exchange;v=b3',
  'user-agent' => 'Mozilla/5.0 (Windows NT 10.0; Win64; x64) AppleWebKit/537.36 (KHTML, like Gecko) Chrome/77.0.3865.120 Safari/537.36',
  'upgrade-insecure-requests' => '1',
  'cache-control' => 'max-age=0',
  'connection' => 'close',
  'host' => 'www.fast.com',
)
[ info ] [ PARAM ] array (
)
[ info ] [ LANG ] D:\systemsoft\phpstudy\phpstudy_pro\WWW\www.fast.com\public/../application/index\lang\zh-cn.php
[ info ] [ BEHAVIOR ] Run app\common\behavior\Common @module_init [ RunTime:0.001598s ]
[ info ] [ TOKEN ] INIT Mysql
[ info ] [ DB ] INIT mysql
[ info ] [ LANG ] D:\systemsoft\phpstudy\phpstudy_pro\WWW\www.fast.com\public/../application/index/lang/zh-cn/user.php
[ info ] [ RUN ] app\index\controller\User->cases[ D:\systemsoft\phpstudy\phpstudy_pro\WWW\www.fast.com\application\index\controller\User.php ]
[ info ] [ VIEW ] D:\systemsoft\phpstudy\phpstudy_pro\WWW\www.fast.com\public/../application/index\view\user\cases.html [ array (
  0 => 'user',
  1 => 'site',
  2 => 'config',
  3 => 'data',
) ]
[ info ] [ LOG ] INIT File
---------------------------------------------------------------
[ 2020-03-02T14:18:03+08:00 ] 127.0.0.1 GET www.fast.com/index/ajax/lang?callback=define&controllername=user&v=1583129883
[运行时间：0.071079s] [吞吐率：14.07req/s] [内存消耗：4,506.00kb] [文件加载：132]
[ info ] [ BEHAVIOR ] Run Closure @app_init [ RunTime:0.000031s ]
[ info ] [ CACHE ] INIT File
[ info ] [ BEHAVIOR ] Run Closure @app_init [ RunTime:0.001951s ]
[ info ] [ LANG ] D:\systemsoft\phpstudy\phpstudy_pro\WWW\www.fast.com\thinkphp\lang\zh-cn.php
[ info ] [ ROUTE ] array (
  'type' => 'module',
  'module' => 
  array (
    0 => 'index',
    1 => 'ajax',
    2 => 'lang',
  ),
)
[ info ] [ HEADER ] array (
  'cookie' => 'PHPSESSID=hnk9ubplfe2u5h7pssshpdd6s5; Hm_lvt_f8d0a8c400404989e195270b0bbf060a=1582732778; Hm_lpvt_f8d0a8c400404989e195270b0bbf060a=1582946170; uid=2; token=2010fd03-3dfc-4e49-9660-2967e06db5d1',
  'accept-language' => 'zh-CN,zh;q=0.9',
  'accept-encoding' => 'gzip, deflate',
  'referer' => 'http://www.fast.com/index/user/cases.html',
  'accept' => '*/*',
  'user-agent' => 'Mozilla/5.0 (Windows NT 10.0; Win64; x64) AppleWebKit/537.36 (KHTML, like Gecko) Chrome/77.0.3865.120 Safari/537.36',
  'connection' => 'close',
  'host' => 'www.fast.com',
)
[ info ] [ PARAM ] array (
  'callback' => 'define',
  'controllername' => 'user',
  'v' => '1583129883',
)
[ info ] [ LANG ] D:\systemsoft\phpstudy\phpstudy_pro\WWW\www.fast.com\public/../application/index\lang\zh-cn.php
[ info ] [ BEHAVIOR ] Run app\common\behavior\Common @module_init [ RunTime:0.001647s ]
[ info ] [ TOKEN ] INIT Mysql
[ info ] [ DB ] INIT mysql
[ info ] [ LANG ] D:\systemsoft\phpstudy\phpstudy_pro\WWW\www.fast.com\public/../application/index/lang/zh-cn/ajax.php
[ info ] [ RUN ] app\index\controller\Ajax->lang[ D:\systemsoft\phpstudy\phpstudy_pro\WWW\www.fast.com\application\index\controller\Ajax.php ]
[ info ] [ LANG ] D:\systemsoft\phpstudy\phpstudy_pro\WWW\www.fast.com\public/../application/index/lang/zh-cn/user.php
[ info ] [ LOG ] INIT File
---------------------------------------------------------------
[ 2020-03-02T14:18:12+08:00 ] 127.0.0.1 GET www.fast.com/index/user/cases.html
[运行时间：0.081302s] [吞吐率：12.30req/s] [内存消耗：4,571.69kb] [文件加载：131]
[ info ] [ BEHAVIOR ] Run Closure @app_init [ RunTime:0.000030s ]
[ info ] [ CACHE ] INIT File
[ info ] [ BEHAVIOR ] Run Closure @app_init [ RunTime:0.002183s ]
[ info ] [ LANG ] D:\systemsoft\phpstudy\phpstudy_pro\WWW\www.fast.com\thinkphp\lang\zh-cn.php
[ info ] [ ROUTE ] array (
  'type' => 'module',
  'module' => 
  array (
    0 => 'index',
    1 => 'user',
    2 => 'cases',
  ),
)
[ info ] [ HEADER ] array (
  'cookie' => 'PHPSESSID=hnk9ubplfe2u5h7pssshpdd6s5; Hm_lvt_f8d0a8c400404989e195270b0bbf060a=1582732778; Hm_lpvt_f8d0a8c400404989e195270b0bbf060a=1582946170; uid=2; token=2010fd03-3dfc-4e49-9660-2967e06db5d1',
  'accept-language' => 'zh-CN,zh;q=0.9',
  'accept-encoding' => 'gzip, deflate',
  'referer' => 'http://www.fast.com/index/user/index.html',
  'accept' => 'text/html,application/xhtml+xml,application/xml;q=0.9,image/webp,image/apng,*/*;q=0.8,application/signed-exchange;v=b3',
  'user-agent' => 'Mozilla/5.0 (Windows NT 10.0; Win64; x64) AppleWebKit/537.36 (KHTML, like Gecko) Chrome/77.0.3865.120 Safari/537.36',
  'upgrade-insecure-requests' => '1',
  'cache-control' => 'max-age=0',
  'connection' => 'close',
  'host' => 'www.fast.com',
)
[ info ] [ PARAM ] array (
)
[ info ] [ LANG ] D:\systemsoft\phpstudy\phpstudy_pro\WWW\www.fast.com\public/../application/index\lang\zh-cn.php
[ info ] [ BEHAVIOR ] Run app\common\behavior\Common @module_init [ RunTime:0.001541s ]
[ info ] [ TOKEN ] INIT Mysql
[ info ] [ DB ] INIT mysql
[ info ] [ LANG ] D:\systemsoft\phpstudy\phpstudy_pro\WWW\www.fast.com\public/../application/index/lang/zh-cn/user.php
[ info ] [ RUN ] app\index\controller\User->cases[ D:\systemsoft\phpstudy\phpstudy_pro\WWW\www.fast.com\application\index\controller\User.php ]
[ info ] [ VIEW ] D:\systemsoft\phpstudy\phpstudy_pro\WWW\www.fast.com\public/../application/index\view\user\cases.html [ array (
  0 => 'user',
  1 => 'site',
  2 => 'config',
  3 => 'data',
) ]
[ info ] [ LOG ] INIT File
---------------------------------------------------------------
[ 2020-03-02T14:18:12+08:00 ] 127.0.0.1 GET www.fast.com/index/ajax/lang?callback=define&controllername=user&v=1583129892
[运行时间：0.074142s] [吞吐率：13.49req/s] [内存消耗：4,506.00kb] [文件加载：132]
[ info ] [ BEHAVIOR ] Run Closure @app_init [ RunTime:0.000030s ]
[ info ] [ CACHE ] INIT File
[ info ] [ BEHAVIOR ] Run Closure @app_init [ RunTime:0.002069s ]
[ info ] [ LANG ] D:\systemsoft\phpstudy\phpstudy_pro\WWW\www.fast.com\thinkphp\lang\zh-cn.php
[ info ] [ ROUTE ] array (
  'type' => 'module',
  'module' => 
  array (
    0 => 'index',
    1 => 'ajax',
    2 => 'lang',
  ),
)
[ info ] [ HEADER ] array (
  'cookie' => 'PHPSESSID=hnk9ubplfe2u5h7pssshpdd6s5; Hm_lvt_f8d0a8c400404989e195270b0bbf060a=1582732778; Hm_lpvt_f8d0a8c400404989e195270b0bbf060a=1582946170; uid=2; token=2010fd03-3dfc-4e49-9660-2967e06db5d1',
  'accept-language' => 'zh-CN,zh;q=0.9',
  'accept-encoding' => 'gzip, deflate',
  'referer' => 'http://www.fast.com/index/user/cases.html',
  'accept' => '*/*',
  'user-agent' => 'Mozilla/5.0 (Windows NT 10.0; Win64; x64) AppleWebKit/537.36 (KHTML, like Gecko) Chrome/77.0.3865.120 Safari/537.36',
  'connection' => 'close',
  'host' => 'www.fast.com',
)
[ info ] [ PARAM ] array (
  'callback' => 'define',
  'controllername' => 'user',
  'v' => '1583129892',
)
[ info ] [ LANG ] D:\systemsoft\phpstudy\phpstudy_pro\WWW\www.fast.com\public/../application/index\lang\zh-cn.php
[ info ] [ BEHAVIOR ] Run app\common\behavior\Common @module_init [ RunTime:0.002107s ]
[ info ] [ TOKEN ] INIT Mysql
[ info ] [ DB ] INIT mysql
[ info ] [ LANG ] D:\systemsoft\phpstudy\phpstudy_pro\WWW\www.fast.com\public/../application/index/lang/zh-cn/ajax.php
[ info ] [ RUN ] app\index\controller\Ajax->lang[ D:\systemsoft\phpstudy\phpstudy_pro\WWW\www.fast.com\application\index\controller\Ajax.php ]
[ info ] [ LANG ] D:\systemsoft\phpstudy\phpstudy_pro\WWW\www.fast.com\public/../application/index/lang/zh-cn/user.php
[ info ] [ LOG ] INIT File
---------------------------------------------------------------
[ 2020-03-02T14:18:14+08:00 ] 127.0.0.1 GET www.fast.com/index/user/cases.html
[运行时间：0.080046s] [吞吐率：12.49req/s] [内存消耗：4,571.69kb] [文件加载：131]
[ info ] [ BEHAVIOR ] Run Closure @app_init [ RunTime:0.000031s ]
[ info ] [ CACHE ] INIT File
[ info ] [ BEHAVIOR ] Run Closure @app_init [ RunTime:0.001964s ]
[ info ] [ LANG ] D:\systemsoft\phpstudy\phpstudy_pro\WWW\www.fast.com\thinkphp\lang\zh-cn.php
[ info ] [ ROUTE ] array (
  'type' => 'module',
  'module' => 
  array (
    0 => 'index',
    1 => 'user',
    2 => 'cases',
  ),
)
[ info ] [ HEADER ] array (
  'cookie' => 'PHPSESSID=hnk9ubplfe2u5h7pssshpdd6s5; Hm_lvt_f8d0a8c400404989e195270b0bbf060a=1582732778; Hm_lpvt_f8d0a8c400404989e195270b0bbf060a=1582946170; uid=2; token=2010fd03-3dfc-4e49-9660-2967e06db5d1',
  'accept-language' => 'zh-CN,zh;q=0.9',
  'accept-encoding' => 'gzip, deflate',
  'referer' => 'http://www.fast.com/index/user/index.html',
  'accept' => 'text/html,application/xhtml+xml,application/xml;q=0.9,image/webp,image/apng,*/*;q=0.8,application/signed-exchange;v=b3',
  'user-agent' => 'Mozilla/5.0 (Windows NT 10.0; Win64; x64) AppleWebKit/537.36 (KHTML, like Gecko) Chrome/77.0.3865.120 Safari/537.36',
  'upgrade-insecure-requests' => '1',
  'cache-control' => 'max-age=0',
  'connection' => 'close',
  'host' => 'www.fast.com',
)
[ info ] [ PARAM ] array (
)
[ info ] [ LANG ] D:\systemsoft\phpstudy\phpstudy_pro\WWW\www.fast.com\public/../application/index\lang\zh-cn.php
[ info ] [ BEHAVIOR ] Run app\common\behavior\Common @module_init [ RunTime:0.001657s ]
[ info ] [ TOKEN ] INIT Mysql
[ info ] [ DB ] INIT mysql
[ info ] [ LANG ] D:\systemsoft\phpstudy\phpstudy_pro\WWW\www.fast.com\public/../application/index/lang/zh-cn/user.php
[ info ] [ RUN ] app\index\controller\User->cases[ D:\systemsoft\phpstudy\phpstudy_pro\WWW\www.fast.com\application\index\controller\User.php ]
[ info ] [ VIEW ] D:\systemsoft\phpstudy\phpstudy_pro\WWW\www.fast.com\public/../application/index\view\user\cases.html [ array (
  0 => 'user',
  1 => 'site',
  2 => 'config',
  3 => 'data',
) ]
[ info ] [ LOG ] INIT File
---------------------------------------------------------------
[ 2020-03-02T14:18:14+08:00 ] 127.0.0.1 GET www.fast.com/index/ajax/lang?callback=define&controllername=user&v=1583129894
[运行时间：0.075818s] [吞吐率：13.19req/s] [内存消耗：4,506.00kb] [文件加载：132]
[ info ] [ BEHAVIOR ] Run Closure @app_init [ RunTime:0.000037s ]
[ info ] [ CACHE ] INIT File
[ info ] [ BEHAVIOR ] Run Closure @app_init [ RunTime:0.002100s ]
[ info ] [ LANG ] D:\systemsoft\phpstudy\phpstudy_pro\WWW\www.fast.com\thinkphp\lang\zh-cn.php
[ info ] [ ROUTE ] array (
  'type' => 'module',
  'module' => 
  array (
    0 => 'index',
    1 => 'ajax',
    2 => 'lang',
  ),
)
[ info ] [ HEADER ] array (
  'cookie' => 'PHPSESSID=hnk9ubplfe2u5h7pssshpdd6s5; Hm_lvt_f8d0a8c400404989e195270b0bbf060a=1582732778; Hm_lpvt_f8d0a8c400404989e195270b0bbf060a=1582946170; uid=2; token=2010fd03-3dfc-4e49-9660-2967e06db5d1',
  'accept-language' => 'zh-CN,zh;q=0.9',
  'accept-encoding' => 'gzip, deflate',
  'referer' => 'http://www.fast.com/index/user/cases.html',
  'accept' => '*/*',
  'user-agent' => 'Mozilla/5.0 (Windows NT 10.0; Win64; x64) AppleWebKit/537.36 (KHTML, like Gecko) Chrome/77.0.3865.120 Safari/537.36',
  'connection' => 'close',
  'host' => 'www.fast.com',
)
[ info ] [ PARAM ] array (
  'callback' => 'define',
  'controllername' => 'user',
  'v' => '1583129894',
)
[ info ] [ LANG ] D:\systemsoft\phpstudy\phpstudy_pro\WWW\www.fast.com\public/../application/index\lang\zh-cn.php
[ info ] [ BEHAVIOR ] Run app\common\behavior\Common @module_init [ RunTime:0.001667s ]
[ info ] [ TOKEN ] INIT Mysql
[ info ] [ DB ] INIT mysql
[ info ] [ LANG ] D:\systemsoft\phpstudy\phpstudy_pro\WWW\www.fast.com\public/../application/index/lang/zh-cn/ajax.php
[ info ] [ RUN ] app\index\controller\Ajax->lang[ D:\systemsoft\phpstudy\phpstudy_pro\WWW\www.fast.com\application\index\controller\Ajax.php ]
[ info ] [ LANG ] D:\systemsoft\phpstudy\phpstudy_pro\WWW\www.fast.com\public/../application/index/lang/zh-cn/user.php
[ info ] [ LOG ] INIT File
