[ 2020-03-04T00:49:24+08:00 ][ info ] [ BEHAVIOR ] Run Closure @app_init [ RunTime:0.000654s ]
[ info ] [ LOG ] INIT File
[ 2020-03-04T00:49:24+08:00 ][ info ] [ CACHE ] INIT File
[ 2020-03-04T00:49:24+08:00 ][ info ] [ BEHAVIOR ] Run Closure @app_init [ RunTime:0.007300s ]
[ 2020-03-04T00:49:24+08:00 ][ info ] [ DB ] INIT mysql
[ 2020-03-04T00:50:33+08:00 ][ info ] [ BEHAVIOR ] Run Closure @app_init [ RunTime:0.000623s ]
[ info ] [ LOG ] INIT File
[ 2020-03-04T00:50:33+08:00 ][ info ] [ CACHE ] INIT File
[ 2020-03-04T00:50:33+08:00 ][ info ] [ BEHAVIOR ] Run Closure @app_init [ RunTime:0.007150s ]
[ 2020-03-04T00:50:33+08:00 ][ info ] [ DB ] INIT mysql
[ 2020-03-04T00:51:57+08:00 ][ info ] [ BEHAVIOR ] Run Closure @app_init [ RunTime:0.000629s ]
[ info ] [ LOG ] INIT File
[ 2020-03-04T00:51:57+08:00 ][ info ] [ CACHE ] INIT File
[ 2020-03-04T00:51:57+08:00 ][ info ] [ BEHAVIOR ] Run Closure @app_init [ RunTime:0.007220s ]
[ 2020-03-04T00:51:57+08:00 ][ info ] [ DB ] INIT mysql
[ 2020-03-04T00:54:06+08:00 ][ info ] [ BEHAVIOR ] Run Closure @app_init [ RunTime:0.000644s ]
[ info ] [ LOG ] INIT File
[ 2020-03-04T00:54:06+08:00 ][ info ] [ CACHE ] INIT File
[ 2020-03-04T00:54:06+08:00 ][ info ] [ BEHAVIOR ] Run Closure @app_init [ RunTime:0.007181s ]
[ 2020-03-04T00:54:07+08:00 ][ info ] [ DB ] INIT mysql
[ 2020-03-04T00:54:07+08:00 ][ info ] [ BEHAVIOR ] Run Closure @app_init [ RunTime:0.000636s ]
[ info ] [ LOG ] INIT File
[ 2020-03-04T00:54:07+08:00 ][ info ] [ CACHE ] INIT File
[ 2020-03-04T00:54:07+08:00 ][ info ] [ BEHAVIOR ] Run Closure @app_init [ RunTime:0.007129s ]
[ 2020-03-04T00:54:07+08:00 ][ info ] [ DB ] INIT mysql
[ 2020-03-04T00:54:07+08:00 ][ info ] [ LANG ] D:\systemsoft\phpstudy\phpstudy_pro\WWW\www.fast.com\application\admin\lang/zh-cn.php
[ 2020-03-04T00:54:16+08:00 ][ info ] [ BEHAVIOR ] Run Closure @app_init [ RunTime:0.000619s ]
[ info ] [ LOG ] INIT File
[ 2020-03-04T00:54:16+08:00 ][ info ] [ CACHE ] INIT File
[ 2020-03-04T00:54:16+08:00 ][ info ] [ BEHAVIOR ] Run Closure @app_init [ RunTime:0.007071s ]
[ 2020-03-04T00:54:16+08:00 ][ info ] [ DB ] INIT mysql
[ 2020-03-04T00:54:17+08:00 ][ info ] [ BEHAVIOR ] Run Closure @app_init [ RunTime:0.000614s ]
[ info ] [ LOG ] INIT File
[ 2020-03-04T00:54:17+08:00 ][ info ] [ CACHE ] INIT File
[ 2020-03-04T00:54:17+08:00 ][ info ] [ BEHAVIOR ] Run Closure @app_init [ RunTime:0.007233s ]
[ 2020-03-04T00:54:17+08:00 ][ info ] [ DB ] INIT mysql
[ 2020-03-04T00:54:17+08:00 ][ info ] [ LANG ] D:\systemsoft\phpstudy\phpstudy_pro\WWW\www.fast.com\application\admin\lang/zh-cn.php
[ 2020-03-04T00:54:26+08:00 ][ info ] [ BEHAVIOR ] Run Closure @app_init [ RunTime:0.000632s ]
[ info ] [ LOG ] INIT File
[ 2020-03-04T00:54:26+08:00 ][ info ] [ CACHE ] INIT File
[ 2020-03-04T00:54:26+08:00 ][ info ] [ BEHAVIOR ] Run Closure @app_init [ RunTime:0.007184s ]
[ 2020-03-04T00:54:26+08:00 ][ info ] [ DB ] INIT mysql
[ 2020-03-04T01:23:08+08:00 ][ info ] [ BEHAVIOR ] Run Closure @app_init [ RunTime:0.000623s ]
[ info ] [ LOG ] INIT File
[ 2020-03-04T01:23:08+08:00 ][ info ] [ CACHE ] INIT File
[ 2020-03-04T01:23:08+08:00 ][ info ] [ BEHAVIOR ] Run Closure @app_init [ RunTime:0.007123s ]
[ 2020-03-04T01:23:08+08:00 ][ info ] [ DB ] INIT mysql
[ 2020-03-04T01:23:08+08:00 ][ info ] [ BEHAVIOR ] Run Closure @app_init [ RunTime:0.000617s ]
[ info ] [ LOG ] INIT File
[ 2020-03-04T01:23:08+08:00 ][ info ] [ CACHE ] INIT File
[ 2020-03-04T01:23:08+08:00 ][ info ] [ BEHAVIOR ] Run Closure @app_init [ RunTime:0.007027s ]
[ 2020-03-04T01:23:08+08:00 ][ info ] [ DB ] INIT mysql
[ 2020-03-04T01:23:08+08:00 ][ info ] [ LANG ] D:\systemsoft\phpstudy\phpstudy_pro\WWW\www.fast.com\application\admin\lang/zh-cn.php
[ 2020-03-04T01:55:07+08:00 ][ info ] [ BEHAVIOR ] Run Closure @app_init [ RunTime:0.000652s ]
[ info ] [ LOG ] INIT File
[ 2020-03-04T01:55:07+08:00 ][ info ] [ CACHE ] INIT File
[ 2020-03-04T01:55:07+08:00 ][ info ] [ BEHAVIOR ] Run Closure @app_init [ RunTime:0.007593s ]
[ 2020-03-04T01:55:07+08:00 ][ info ] [ DB ] INIT mysql
[ 2020-03-04T01:55:07+08:00 ][ info ] [ BEHAVIOR ] Run Closure @app_init [ RunTime:0.000629s ]
[ info ] [ LOG ] INIT File
[ 2020-03-04T01:55:07+08:00 ][ info ] [ CACHE ] INIT File
[ 2020-03-04T01:55:07+08:00 ][ info ] [ BEHAVIOR ] Run Closure @app_init [ RunTime:0.007406s ]
[ 2020-03-04T01:55:08+08:00 ][ info ] [ DB ] INIT mysql
[ 2020-03-04T01:55:08+08:00 ][ info ] [ LANG ] D:\systemsoft\phpstudy\phpstudy_pro\WWW\www.fast.com\application\admin\lang/zh-cn.php
[ 2020-03-04T01:57:59+08:00 ][ info ] [ BEHAVIOR ] Run Closure @app_init [ RunTime:0.000704s ]
[ info ] [ LOG ] INIT File
[ 2020-03-04T01:57:59+08:00 ][ info ] [ CACHE ] INIT File
[ 2020-03-04T01:57:59+08:00 ][ info ] [ BEHAVIOR ] Run Closure @app_init [ RunTime:0.007317s ]
[ 2020-03-04T01:58:00+08:00 ][ info ] [ DB ] INIT mysql
[ 2020-03-04T01:58:01+08:00 ][ info ] [ BEHAVIOR ] Run Closure @app_init [ RunTime:0.000779s ]
[ info ] [ LOG ] INIT File
[ 2020-03-04T01:58:01+08:00 ][ info ] [ CACHE ] INIT File
[ 2020-03-04T01:58:01+08:00 ][ info ] [ BEHAVIOR ] Run Closure @app_init [ RunTime:0.007169s ]
[ 2020-03-04T01:58:01+08:00 ][ info ] [ DB ] INIT mysql
[ 2020-03-04T01:58:50+08:00 ][ info ] [ BEHAVIOR ] Run Closure @app_init [ RunTime:0.000627s ]
[ info ] [ LOG ] INIT File
[ 2020-03-04T01:58:50+08:00 ][ info ] [ CACHE ] INIT File
[ 2020-03-04T01:58:50+08:00 ][ info ] [ BEHAVIOR ] Run Closure @app_init [ RunTime:0.007103s ]
[ 2020-03-04T01:58:50+08:00 ][ info ] [ DB ] INIT mysql
[ 2020-03-04T01:58:51+08:00 ][ info ] [ BEHAVIOR ] Run Closure @app_init [ RunTime:0.000651s ]
[ info ] [ LOG ] INIT File
[ 2020-03-04T01:58:51+08:00 ][ info ] [ CACHE ] INIT File
[ 2020-03-04T01:58:51+08:00 ][ info ] [ BEHAVIOR ] Run Closure @app_init [ RunTime:0.007893s ]
[ 2020-03-04T01:58:51+08:00 ][ info ] [ DB ] INIT mysql
[ 2020-03-04T01:58:51+08:00 ][ info ] [ LANG ] D:\systemsoft\phpstudy\phpstudy_pro\WWW\www.fast.com\application\admin\lang/zh-cn.php
[ 2020-03-04T02:56:21+08:00 ][ info ] [ BEHAVIOR ] Run Closure @app_init [ RunTime:0.000717s ]
[ info ] [ LOG ] INIT File
[ 2020-03-04T02:56:21+08:00 ][ info ] [ CACHE ] INIT File
[ 2020-03-04T02:56:21+08:00 ][ info ] [ BEHAVIOR ] Run Closure @app_init [ RunTime:0.007162s ]
[ 2020-03-04T02:56:21+08:00 ][ info ] [ DB ] INIT mysql
[ 2020-03-04T02:56:22+08:00 ][ info ] [ BEHAVIOR ] Run Closure @app_init [ RunTime:0.000681s ]
[ info ] [ LOG ] INIT File
[ 2020-03-04T02:56:22+08:00 ][ info ] [ CACHE ] INIT File
[ 2020-03-04T02:56:22+08:00 ][ info ] [ BEHAVIOR ] Run Closure @app_init [ RunTime:0.007213s ]
[ 2020-03-04T02:56:22+08:00 ][ info ] [ DB ] INIT mysql
[ 2020-03-04T02:56:22+08:00 ][ info ] [ LANG ] D:\systemsoft\phpstudy\phpstudy_pro\WWW\www.fast.com\application\admin\lang/zh-cn.php
